2025-03-23 15:40:31.828 [info] [main] Log level: Info
2025-03-23 15:40:31.828 [info] [main] Validating found git in: "git"
2025-03-23 15:40:31.828 [info] [main] Using git "2.47.1" from "git"
2025-03-23 15:40:31.828 [info] [Model][doInitialScan] Initial repository scan started
2025-03-23 15:40:31.828 [info] > git rev-parse --show-toplevel [72ms]
2025-03-23 15:40:31.831 [info] > git rev-parse --git-dir --git-common-dir [4ms]
2025-03-23 15:40:31.842 [info] [Model][openRepository] Opened repository: /home/ec2-user
2025-03-23 15:40:31.885 [info] > git config --get commit.template [38ms]
2025-03-23 15:40:31.889 [info] > git rev-parse --show-toplevel [39ms]
2025-03-23 15:40:31.988 [info] > git rev-parse --show-toplevel [81ms]
2025-03-23 15:40:31.988 [info] > git for-each-ref --format=%(refname)%00%(upstream:short)%00%(objectname)%00%(upstream:track)%00%(upstream:remotename)%00%(upstream:remoteref) refs/heads/master refs/remotes/master [87ms]
2025-03-23 15:40:32.008 [info] > git for-each-ref --sort -committerdate --format %(refname) %(objectname) %(*objectname) [12ms]
2025-03-23 15:40:32.089 [info] > git status -z -uall [97ms]
2025-03-23 15:40:32.144 [info] > git rev-parse --show-toplevel [137ms]
2025-03-23 15:40:32.159 [info] > git for-each-ref --format=%(refname)%00%(upstream:short)%00%(objectname)%00%(upstream:track)%00%(upstream:remotename)%00%(upstream:remoteref) refs/heads/master refs/remotes/master [33ms]
2025-03-23 15:40:32.166 [info] > git rev-parse --show-toplevel [11ms]
2025-03-23 15:40:32.168 [info] > git config --get commit.template [15ms]
2025-03-23 15:40:32.170 [info] > git config --get --local branch.master.vscode-merge-base [6ms]
2025-03-23 15:40:32.171 [warning] [Git][config] git config failed: Failed to execute git
2025-03-23 15:40:32.176 [info] > git rev-parse --show-toplevel [7ms]
2025-03-23 15:40:32.180 [info] [Model][doInitialScan] Initial repository scan completed - repositories (1), closed repositories (0), parent repositories (0), unsafe repositories (0)
2025-03-23 15:40:32.182 [info] > git for-each-ref --format=%(refname)%00%(upstream:short)%00%(objectname)%00%(upstream:track)%00%(upstream:remotename)%00%(upstream:remoteref) refs/heads/master refs/remotes/master [7ms]
2025-03-23 15:40:32.187 [info] > git reflog master --grep-reflog=branch: Created from *. [13ms]
2025-03-23 15:40:32.279 [info] > git status -z -uall [96ms]
2025-03-23 15:40:32.280 [info] > git symbolic-ref --short refs/remotes/origin/HEAD [86ms]
2025-03-23 15:40:32.280 [info] fatal: ref refs/remotes/origin/HEAD is not a symbolic ref
2025-03-23 15:40:32.280 [warning] [Repository][getDefaultBranch] Failed to get default branch details: Failed to execute git.
2025-03-23 15:40:32.281 [info] > git for-each-ref --sort -committerdate --format %(refname) %(objectname) %(*objectname) [94ms]
2025-03-23 15:40:34.437 [info] > git config --get commit.template [6ms]
2025-03-23 15:40:34.438 [info] > git for-each-ref --format=%(refname)%00%(upstream:short)%00%(objectname)%00%(upstream:track)%00%(upstream:remotename)%00%(upstream:remoteref) refs/heads/master refs/remotes/master [2ms]
2025-03-23 15:40:34.454 [info] > git for-each-ref --sort -committerdate --format %(refname) %(objectname) %(*objectname) [10ms]
2025-03-23 15:40:34.468 [info] > git status -z -uall [27ms]
2025-03-23 15:40:42.442 [info] > git config --get commit.template [4ms]
2025-03-23 15:40:42.447 [info] > git for-each-ref --format=%(refname)%00%(upstream:short)%00%(objectname)%00%(upstream:track)%00%(upstream:remotename)%00%(upstream:remoteref) refs/heads/master refs/remotes/master [5ms]
2025-03-23 15:40:42.459 [info] > git for-each-ref --sort -committerdate --format %(refname) %(objectname) %(*objectname) [6ms]
2025-03-23 15:40:42.475 [info] > git status -z -uall [26ms]
2025-03-23 15:40:47.485 [info] > git config --get commit.template [4ms]
2025-03-23 15:40:47.487 [info] > git for-each-ref --format=%(refname)%00%(upstream:short)%00%(objectname)%00%(upstream:track)%00%(upstream:remotename)%00%(upstream:remoteref) refs/heads/master refs/remotes/master [3ms]
2025-03-23 15:40:47.513 [info] > git for-each-ref --sort -committerdate --format %(refname) %(objectname) %(*objectname) [21ms]
2025-03-23 15:40:47.516 [info] > git status -z -uall [28ms]
2025-03-23 15:40:52.530 [info] > git config --get commit.template [3ms]
2025-03-23 15:40:52.531 [info] > git for-each-ref --format=%(refname)%00%(upstream:short)%00%(objectname)%00%(upstream:track)%00%(upstream:remotename)%00%(upstream:remoteref) refs/heads/master refs/remotes/master [2ms]
2025-03-23 15:40:52.544 [info] > git for-each-ref --sort -committerdate --format %(refname) %(objectname) %(*objectname) [8ms]
2025-03-23 15:40:52.561 [info] > git status -z -uall [28ms]
2025-03-23 15:40:57.568 [info] > git config --get commit.template [4ms]
2025-03-23 15:40:57.570 [info] > git for-each-ref --format=%(refname)%00%(upstream:short)%00%(objectname)%00%(upstream:track)%00%(upstream:remotename)%00%(upstream:remoteref) refs/heads/master refs/remotes/master [2ms]
2025-03-23 15:40:57.583 [info] > git for-each-ref --sort -committerdate --format %(refname) %(objectname) %(*objectname) [9ms]
2025-03-23 15:40:57.599 [info] > git status -z -uall [27ms]
2025-03-23 15:41:02.608 [info] > git config --get commit.template [4ms]
2025-03-23 15:41:02.611 [info] > git for-each-ref --format=%(refname)%00%(upstream:short)%00%(objectname)%00%(upstream:track)%00%(upstream:remotename)%00%(upstream:remoteref) refs/heads/master refs/remotes/master [4ms]
2025-03-23 15:41:02.632 [info] > git for-each-ref --sort -committerdate --format %(refname) %(objectname) %(*objectname) [15ms]
2025-03-23 15:41:02.641 [info] > git status -z -uall [28ms]
2025-03-23 15:41:07.649 [info] > git config --get commit.template [3ms]
2025-03-23 15:41:07.651 [info] > git for-each-ref --format=%(refname)%00%(upstream:short)%00%(objectname)%00%(upstream:track)%00%(upstream:remotename)%00%(upstream:remoteref) refs/heads/master refs/remotes/master [2ms]
2025-03-23 15:41:07.666 [info] > git for-each-ref --sort -committerdate --format %(refname) %(objectname) %(*objectname) [9ms]
2025-03-23 15:41:07.681 [info] > git status -z -uall [28ms]
2025-03-23 15:41:36.443 [info] > git config --get commit.template [4ms]
2025-03-23 15:41:36.445 [info] > git for-each-ref --format=%(refname)%00%(upstream:short)%00%(objectname)%00%(upstream:track)%00%(upstream:remotename)%00%(upstream:remoteref) refs/heads/master refs/remotes/master [3ms]
2025-03-23 15:41:36.462 [info] > git for-each-ref --sort -committerdate --format %(refname) %(objectname) %(*objectname) [9ms]
2025-03-23 15:41:36.479 [info] > git status -z -uall [31ms]
2025-03-23 15:41:49.063 [info] > git config --get commit.template [3ms]
2025-03-23 15:41:49.066 [info] > git for-each-ref --format=%(refname)%00%(upstream:short)%00%(objectname)%00%(upstream:track)%00%(upstream:remotename)%00%(upstream:remoteref) refs/heads/master refs/remotes/master [3ms]
2025-03-23 15:41:49.084 [info] > git for-each-ref --sort -committerdate --format %(refname) %(objectname) %(*objectname) [12ms]
2025-03-23 15:41:49.093 [info] > git status -z -uall [26ms]
2025-03-23 15:41:54.104 [info] > git config --get commit.template [3ms]
2025-03-23 15:41:54.106 [info] > git for-each-ref --format=%(refname)%00%(upstream:short)%00%(objectname)%00%(upstream:track)%00%(upstream:remotename)%00%(upstream:remoteref) refs/heads/master refs/remotes/master [3ms]
2025-03-23 15:41:54.124 [info] > git for-each-ref --sort -committerdate --format %(refname) %(objectname) %(*objectname) [13ms]
2025-03-23 15:41:54.134 [info] > git status -z -uall [26ms]
2025-03-23 15:41:59.145 [info] > git config --get commit.template [3ms]
2025-03-23 15:41:59.147 [info] > git for-each-ref --format=%(refname)%00%(upstream:short)%00%(objectname)%00%(upstream:track)%00%(upstream:remotename)%00%(upstream:remoteref) refs/heads/master refs/remotes/master [3ms]
2025-03-23 15:41:59.162 [info] > git for-each-ref --sort -committerdate --format %(refname) %(objectname) %(*objectname) [11ms]
2025-03-23 15:41:59.175 [info] > git status -z -uall [27ms]
2025-03-23 15:42:02.162 [info] > git check-ignore -v -z --stdin [8ms]
2025-03-23 15:42:03.278 [info] > git log --format=%H%n%aN%n%aE%n%at%n%ct%n%P%n%D%n%B -z --shortstat --diff-merges=first-parent -n50 --skip=0 --topo-order --decorate=full --stdin [1655ms]
2025-03-23 15:42:04.184 [info] > git config --get commit.template [4ms]
2025-03-23 15:42:04.185 [info] > git for-each-ref --format=%(refname)%00%(upstream:short)%00%(objectname)%00%(upstream:track)%00%(upstream:remotename)%00%(upstream:remoteref) refs/heads/master refs/remotes/master [1ms]
2025-03-23 15:42:04.211 [info] > git for-each-ref --sort -committerdate --format %(refname) %(objectname) %(*objectname) [20ms]
2025-03-23 15:42:04.217 [info] > git status -z -uall [29ms]
2025-03-23 15:42:05.194 [info] > git check-ignore -v -z --stdin [4ms]
2025-03-23 15:42:09.225 [info] > git config --get commit.template [3ms]
2025-03-23 15:42:09.226 [info] > git for-each-ref --format=%(refname)%00%(upstream:short)%00%(objectname)%00%(upstream:track)%00%(upstream:remotename)%00%(upstream:remoteref) refs/heads/master refs/remotes/master [1ms]
2025-03-23 15:42:09.249 [info] > git for-each-ref --sort -committerdate --format %(refname) %(objectname) %(*objectname) [18ms]
2025-03-23 15:42:09.255 [info] > git status -z -uall [26ms]
2025-03-23 15:42:14.263 [info] > git config --get commit.template [4ms]
2025-03-23 15:42:14.266 [info] > git for-each-ref --format=%(refname)%00%(upstream:short)%00%(objectname)%00%(upstream:track)%00%(upstream:remotename)%00%(upstream:remoteref) refs/heads/master refs/remotes/master [3ms]
2025-03-23 15:42:14.278 [info] > git for-each-ref --sort -committerdate --format %(refname) %(objectname) %(*objectname) [7ms]
2025-03-23 15:42:14.294 [info] > git status -z -uall [26ms]
2025-03-23 15:42:22.140 [info] > git config --get commit.template [9ms]
2025-03-23 15:42:22.141 [info] > git for-each-ref --format=%(refname)%00%(upstream:short)%00%(objectname)%00%(upstream:track)%00%(upstream:remotename)%00%(upstream:remoteref) refs/heads/master refs/remotes/master [7ms]
2025-03-23 15:42:22.153 [info] > git for-each-ref --sort -committerdate --format %(refname) %(objectname) %(*objectname) [3ms]
2025-03-23 15:42:22.194 [info] > git status -z -uall [49ms]
2025-03-23 15:42:22.203 [info] > git add -A -- . [64ms]
2025-03-23 15:42:22.223 [info] > git -c user.useConfigOnly=true commit --quiet [17ms]
2025-03-23 15:42:22.223 [info] Author identity unknown

*** Please tell me who you are.

Run

  git config --global user.email "you@example.com"
  git config --global user.name "Your Name"

to set your account's default identity.
Omit --global to set the identity only in this repository.

fatal: no email was given and auto-detection is disabled
2025-03-23 15:42:22.226 [info] > git config --get-all user.name [2ms]
2025-03-23 15:42:22.246 [info] > git config --get commit.template [4ms]
2025-03-23 15:42:22.251 [info] > git for-each-ref --format=%(refname)%00%(upstream:short)%00%(objectname)%00%(upstream:track)%00%(upstream:remotename)%00%(upstream:remoteref) refs/heads/master refs/remotes/master [5ms]
2025-03-23 15:42:22.271 [info] > git for-each-ref --sort -committerdate --format %(refname) %(objectname) %(*objectname) [6ms]
2025-03-23 15:42:22.284 [info] > git status -z -uall [23ms]
2025-03-23 15:42:27.204 [info] > git config --get commit.template [5ms]
2025-03-23 15:42:27.207 [info] > git for-each-ref --format=%(refname)%00%(upstream:short)%00%(objectname)%00%(upstream:track)%00%(upstream:remotename)%00%(upstream:remoteref) refs/heads/master refs/remotes/master [4ms]
2025-03-23 15:42:27.226 [info] > git for-each-ref --sort -committerdate --format %(refname) %(objectname) %(*objectname) [14ms]
2025-03-23 15:42:27.232 [info] > git status -z -uall [23ms]
2025-03-23 15:42:32.241 [info] > git config --get commit.template [4ms]
2025-03-23 15:42:32.243 [info] > git for-each-ref --format=%(refname)%00%(upstream:short)%00%(objectname)%00%(upstream:track)%00%(upstream:remotename)%00%(upstream:remoteref) refs/heads/master refs/remotes/master [2ms]
2025-03-23 15:42:32.262 [info] > git for-each-ref --sort -committerdate --format %(refname) %(objectname) %(*objectname) [13ms]
2025-03-23 15:42:32.270 [info] > git status -z -uall [24ms]
2025-03-23 15:42:37.278 [info] > git config --get commit.template [3ms]
2025-03-23 15:42:37.280 [info] > git for-each-ref --format=%(refname)%00%(upstream:short)%00%(objectname)%00%(upstream:track)%00%(upstream:remotename)%00%(upstream:remoteref) refs/heads/master refs/remotes/master [2ms]
2025-03-23 15:42:37.299 [info] > git for-each-ref --sort -committerdate --format %(refname) %(objectname) %(*objectname) [14ms]
2025-03-23 15:42:37.305 [info] > git status -z -uall [24ms]
2025-03-23 15:42:42.315 [info] > git config --get commit.template [3ms]
2025-03-23 15:42:42.318 [info] > git for-each-ref --format=%(refname)%00%(upstream:short)%00%(objectname)%00%(upstream:track)%00%(upstream:remotename)%00%(upstream:remoteref) refs/heads/master refs/remotes/master [4ms]
2025-03-23 15:42:42.331 [info] > git for-each-ref --sort -committerdate --format %(refname) %(objectname) %(*objectname) [8ms]
2025-03-23 15:42:42.342 [info] > git status -z -uall [23ms]
2025-03-23 15:42:47.350 [info] > git config --get commit.template [3ms]
2025-03-23 15:42:47.352 [info] > git for-each-ref --format=%(refname)%00%(upstream:short)%00%(objectname)%00%(upstream:track)%00%(upstream:remotename)%00%(upstream:remoteref) refs/heads/master refs/remotes/master [3ms]
2025-03-23 15:42:47.366 [info] > git for-each-ref --sort -committerdate --format %(refname) %(objectname) %(*objectname) [9ms]
2025-03-23 15:42:47.378 [info] > git status -z -uall [24ms]
2025-03-23 15:44:41.584 [info] > git config --get commit.template [4ms]
2025-03-23 15:44:41.585 [info] > git for-each-ref --format=%(refname)%00%(upstream:short)%00%(objectname)%00%(upstream:track)%00%(upstream:remotename)%00%(upstream:remoteref) refs/heads/master refs/remotes/master [2ms]
2025-03-23 15:44:41.598 [info] > git for-each-ref --sort -committerdate --format %(refname) %(objectname) %(*objectname) [8ms]
2025-03-23 15:44:41.610 [info] > git status -z -uall [23ms]
2025-03-23 15:44:46.622 [info] > git config --get commit.template [3ms]
2025-03-23 15:44:46.626 [info] > git for-each-ref --format=%(refname)%00%(upstream:short)%00%(objectname)%00%(upstream:track)%00%(upstream:remotename)%00%(upstream:remoteref) refs/heads/master refs/remotes/master [3ms]
2025-03-23 15:44:46.638 [info] > git for-each-ref --sort -committerdate --format %(refname) %(objectname) %(*objectname) [8ms]
2025-03-23 15:44:46.651 [info] > git status -z -uall [24ms]
2025-03-23 15:44:51.659 [info] > git config --get commit.template [3ms]
2025-03-23 15:44:51.661 [info] > git for-each-ref --format=%(refname)%00%(upstream:short)%00%(objectname)%00%(upstream:track)%00%(upstream:remotename)%00%(upstream:remoteref) refs/heads/master refs/remotes/master [2ms]
2025-03-23 15:44:51.672 [info] > git for-each-ref --sort -committerdate --format %(refname) %(objectname) %(*objectname) [6ms]
2025-03-23 15:44:51.690 [info] > git status -z -uall [27ms]
2025-03-23 15:44:56.698 [info] > git config --get commit.template [3ms]
2025-03-23 15:44:56.701 [info] > git for-each-ref --format=%(refname)%00%(upstream:short)%00%(objectname)%00%(upstream:track)%00%(upstream:remotename)%00%(upstream:remoteref) refs/heads/master refs/remotes/master [3ms]
2025-03-23 15:44:56.713 [info] > git for-each-ref --sort -committerdate --format %(refname) %(objectname) %(*objectname) [7ms]
2025-03-23 15:44:56.728 [info] > git status -z -uall [26ms]
2025-03-23 15:45:08.534 [info] > git config --get commit.template [3ms]
2025-03-23 15:45:08.536 [info] > git for-each-ref --format=%(refname)%00%(upstream:short)%00%(objectname)%00%(upstream:track)%00%(upstream:remotename)%00%(upstream:remoteref) refs/heads/master refs/remotes/master [2ms]
2025-03-23 15:45:08.550 [info] > git for-each-ref --sort -committerdate --format %(refname) %(objectname) %(*objectname) [9ms]
2025-03-23 15:45:08.562 [info] > git status -z -uall [24ms]
2025-03-23 15:45:13.571 [info] > git config --get commit.template [3ms]
2025-03-23 15:45:13.573 [info] > git for-each-ref --format=%(refname)%00%(upstream:short)%00%(objectname)%00%(upstream:track)%00%(upstream:remotename)%00%(upstream:remoteref) refs/heads/master refs/remotes/master [2ms]
2025-03-23 15:45:13.593 [info] > git for-each-ref --sort -committerdate --format %(refname) %(objectname) %(*objectname) [14ms]
2025-03-23 15:45:13.598 [info] > git status -z -uall [23ms]
2025-03-23 15:45:22.547 [info] > git config --get commit.template [3ms]
2025-03-23 15:45:22.549 [info] > git for-each-ref --format=%(refname)%00%(upstream:short)%00%(objectname)%00%(upstream:track)%00%(upstream:remotename)%00%(upstream:remoteref) refs/heads/master refs/remotes/master [2ms]
2025-03-23 15:45:22.562 [info] > git for-each-ref --sort -committerdate --format %(refname) %(objectname) %(*objectname) [8ms]
2025-03-23 15:45:22.574 [info] > git status -z -uall [23ms]
2025-03-23 15:45:27.582 [info] > git config --get commit.template [3ms]
2025-03-23 15:45:27.584 [info] > git for-each-ref --format=%(refname)%00%(upstream:short)%00%(objectname)%00%(upstream:track)%00%(upstream:remotename)%00%(upstream:remoteref) refs/heads/master refs/remotes/master [2ms]
2025-03-23 15:45:27.597 [info] > git for-each-ref --sort -committerdate --format %(refname) %(objectname) %(*objectname) [9ms]
2025-03-23 15:45:27.608 [info] > git status -z -uall [22ms]
2025-03-23 15:45:32.618 [info] > git config --get commit.template [3ms]
2025-03-23 15:45:32.619 [info] > git for-each-ref --format=%(refname)%00%(upstream:short)%00%(objectname)%00%(upstream:track)%00%(upstream:remotename)%00%(upstream:remoteref) refs/heads/master refs/remotes/master [2ms]
2025-03-23 15:45:32.631 [info] > git for-each-ref --sort -committerdate --format %(refname) %(objectname) %(*objectname) [7ms]
2025-03-23 15:45:32.644 [info] > git status -z -uall [23ms]
2025-03-23 15:45:34.250 [info] > git log --format=%H%n%aN%n%aE%n%at%n%ct%n%P%n%D%n%B -z --shortstat --diff-merges=first-parent -n50 --skip=0 --topo-order --decorate=full --stdin [1575ms]
2025-03-23 15:45:37.658 [info] > git config --get commit.template [2ms]
2025-03-23 15:45:37.660 [info] > git for-each-ref --format=%(refname)%00%(upstream:short)%00%(objectname)%00%(upstream:track)%00%(upstream:remotename)%00%(upstream:remoteref) refs/heads/master refs/remotes/master [3ms]
2025-03-23 15:45:37.672 [info] > git for-each-ref --sort -committerdate --format %(refname) %(objectname) %(*objectname) [8ms]
2025-03-23 15:45:37.687 [info] > git status -z -uall [26ms]
2025-03-23 15:45:44.553 [info] > git config --get commit.template [3ms]
2025-03-23 15:45:44.556 [info] > git for-each-ref --format=%(refname)%00%(upstream:short)%00%(objectname)%00%(upstream:track)%00%(upstream:remotename)%00%(upstream:remoteref) refs/heads/master refs/remotes/master [3ms]
2025-03-23 15:45:44.574 [info] > git for-each-ref --sort -committerdate --format %(refname) %(objectname) %(*objectname) [13ms]
2025-03-23 15:45:44.582 [info] > git status -z -uall [24ms]
2025-03-23 15:45:50.554 [info] > git config --get commit.template [6ms]
2025-03-23 15:45:50.556 [info] > git for-each-ref --format=%(refname)%00%(upstream:short)%00%(objectname)%00%(upstream:track)%00%(upstream:remotename)%00%(upstream:remoteref) refs/heads/master refs/remotes/master [4ms]
2025-03-23 15:45:50.571 [info] > git for-each-ref --sort -committerdate --format %(refname) %(objectname) %(*objectname) [10ms]
2025-03-23 15:45:50.581 [info] > git status -z -uall [24ms]
2025-03-23 15:45:55.592 [info] > git config --get commit.template [4ms]
2025-03-23 15:45:55.593 [info] > git for-each-ref --format=%(refname)%00%(upstream:short)%00%(objectname)%00%(upstream:track)%00%(upstream:remotename)%00%(upstream:remoteref) refs/heads/master refs/remotes/master [2ms]
2025-03-23 15:45:55.606 [info] > git for-each-ref --sort -committerdate --format %(refname) %(objectname) %(*objectname) [8ms]
2025-03-23 15:45:55.619 [info] > git status -z -uall [24ms]
2025-03-23 15:46:00.627 [info] > git config --get commit.template [3ms]
2025-03-23 15:46:00.630 [info] > git for-each-ref --format=%(refname)%00%(upstream:short)%00%(objectname)%00%(upstream:track)%00%(upstream:remotename)%00%(upstream:remoteref) refs/heads/master refs/remotes/master [3ms]
2025-03-23 15:46:00.645 [info] > git for-each-ref --sort -committerdate --format %(refname) %(objectname) %(*objectname) [11ms]
2025-03-23 15:46:00.657 [info] > git status -z -uall [26ms]
2025-03-23 15:46:05.666 [info] > git config --get commit.template [4ms]
2025-03-23 15:46:05.668 [info] > git for-each-ref --format=%(refname)%00%(upstream:short)%00%(objectname)%00%(upstream:track)%00%(upstream:remotename)%00%(upstream:remoteref) refs/heads/master refs/remotes/master [2ms]
2025-03-23 15:46:05.687 [info] > git for-each-ref --sort -committerdate --format %(refname) %(objectname) %(*objectname) [13ms]
2025-03-23 15:46:05.694 [info] > git status -z -uall [24ms]
2025-03-23 15:46:10.701 [info] > git config --get commit.template [3ms]
2025-03-23 15:46:10.703 [info] > git for-each-ref --format=%(refname)%00%(upstream:short)%00%(objectname)%00%(upstream:track)%00%(upstream:remotename)%00%(upstream:remoteref) refs/heads/master refs/remotes/master [2ms]
2025-03-23 15:46:10.717 [info] > git for-each-ref --sort -committerdate --format %(refname) %(objectname) %(*objectname) [8ms]
2025-03-23 15:46:10.730 [info] > git status -z -uall [25ms]
2025-03-23 15:46:15.739 [info] > git config --get commit.template [4ms]
2025-03-23 15:46:15.741 [info] > git for-each-ref --format=%(refname)%00%(upstream:short)%00%(objectname)%00%(upstream:track)%00%(upstream:remotename)%00%(upstream:remoteref) refs/heads/master refs/remotes/master [2ms]
2025-03-23 15:46:15.752 [info] > git for-each-ref --sort -committerdate --format %(refname) %(objectname) %(*objectname) [6ms]
2025-03-23 15:46:15.771 [info] > git status -z -uall [28ms]
2025-03-23 15:46:20.780 [info] > git config --get commit.template [3ms]
2025-03-23 15:46:20.782 [info] > git for-each-ref --format=%(refname)%00%(upstream:short)%00%(objectname)%00%(upstream:track)%00%(upstream:remotename)%00%(upstream:remoteref) refs/heads/master refs/remotes/master [2ms]
2025-03-23 15:46:20.795 [info] > git for-each-ref --sort -committerdate --format %(refname) %(objectname) %(*objectname) [7ms]
2025-03-23 15:46:20.808 [info] > git status -z -uall [24ms]
2025-03-23 15:46:25.816 [info] > git config --get commit.template [3ms]
2025-03-23 15:46:25.818 [info] > git for-each-ref --format=%(refname)%00%(upstream:short)%00%(objectname)%00%(upstream:track)%00%(upstream:remotename)%00%(upstream:remoteref) refs/heads/master refs/remotes/master [2ms]
2025-03-23 15:46:25.829 [info] > git for-each-ref --sort -committerdate --format %(refname) %(objectname) %(*objectname) [5ms]
2025-03-23 15:46:25.845 [info] > git status -z -uall [25ms]
2025-03-23 15:46:30.855 [info] > git config --get commit.template [4ms]
2025-03-23 15:46:30.856 [info] > git for-each-ref --format=%(refname)%00%(upstream:short)%00%(objectname)%00%(upstream:track)%00%(upstream:remotename)%00%(upstream:remoteref) refs/heads/master refs/remotes/master [2ms]
2025-03-23 15:46:30.876 [info] > git for-each-ref --sort -committerdate --format %(refname) %(objectname) %(*objectname) [14ms]
2025-03-23 15:46:30.881 [info] > git status -z -uall [24ms]
2025-03-23 15:46:35.890 [info] > git config --get commit.template [4ms]
2025-03-23 15:46:35.892 [info] > git for-each-ref --format=%(refname)%00%(upstream:short)%00%(objectname)%00%(upstream:track)%00%(upstream:remotename)%00%(upstream:remoteref) refs/heads/master refs/remotes/master [3ms]
2025-03-23 15:46:35.912 [info] > git for-each-ref --sort -committerdate --format %(refname) %(objectname) %(*objectname) [15ms]
2025-03-23 15:46:35.917 [info] > git status -z -uall [23ms]
2025-03-23 15:46:40.925 [info] > git config --get commit.template [4ms]
2025-03-23 15:46:40.927 [info] > git for-each-ref --format=%(refname)%00%(upstream:short)%00%(objectname)%00%(upstream:track)%00%(upstream:remotename)%00%(upstream:remoteref) refs/heads/master refs/remotes/master [3ms]
2025-03-23 15:46:40.950 [info] > git for-each-ref --sort -committerdate --format %(refname) %(objectname) %(*objectname) [18ms]
2025-03-23 15:46:40.951 [info] > git status -z -uall [22ms]
2025-03-23 15:46:45.960 [info] > git config --get commit.template [4ms]
2025-03-23 15:46:45.962 [info] > git for-each-ref --format=%(refname)%00%(upstream:short)%00%(objectname)%00%(upstream:track)%00%(upstream:remotename)%00%(upstream:remoteref) refs/heads/master refs/remotes/master [2ms]
2025-03-23 15:46:45.976 [info] > git for-each-ref --sort -committerdate --format %(refname) %(objectname) %(*objectname) [9ms]
2025-03-23 15:46:45.987 [info] > git status -z -uall [23ms]
2025-03-23 15:46:50.997 [info] > git config --get commit.template [5ms]
2025-03-23 15:46:50.999 [info] > git for-each-ref --format=%(refname)%00%(upstream:short)%00%(objectname)%00%(upstream:track)%00%(upstream:remotename)%00%(upstream:remoteref) refs/heads/master refs/remotes/master [2ms]
2025-03-23 15:46:51.010 [info] > git for-each-ref --sort -committerdate --format %(refname) %(objectname) %(*objectname) [6ms]
2025-03-23 15:46:51.026 [info] > git status -z -uall [26ms]
2025-03-23 15:47:17.690 [info] > git config --get commit.template [3ms]
2025-03-23 15:47:17.693 [info] > git for-each-ref --format=%(refname)%00%(upstream:short)%00%(objectname)%00%(upstream:track)%00%(upstream:remotename)%00%(upstream:remoteref) refs/heads/master refs/remotes/master [3ms]
2025-03-23 15:47:17.708 [info] > git for-each-ref --sort -committerdate --format %(refname) %(objectname) %(*objectname) [11ms]
2025-03-23 15:47:17.720 [info] > git status -z -uall [25ms]
2025-03-23 15:47:22.732 [info] > git config --get commit.template [5ms]
2025-03-23 15:47:22.733 [info] > git for-each-ref --format=%(refname)%00%(upstream:short)%00%(objectname)%00%(upstream:track)%00%(upstream:remotename)%00%(upstream:remoteref) refs/heads/master refs/remotes/master [2ms]
2025-03-23 15:47:22.752 [info] > git for-each-ref --sort -committerdate --format %(refname) %(objectname) %(*objectname) [14ms]
2025-03-23 15:47:22.757 [info] > git status -z -uall [22ms]
2025-03-23 15:47:27.768 [info] > git config --get commit.template [4ms]
2025-03-23 15:47:27.769 [info] > git for-each-ref --format=%(refname)%00%(upstream:short)%00%(objectname)%00%(upstream:track)%00%(upstream:remotename)%00%(upstream:remoteref) refs/heads/master refs/remotes/master [1ms]
2025-03-23 15:47:27.782 [info] > git for-each-ref --sort -committerdate --format %(refname) %(objectname) %(*objectname) [8ms]
2025-03-23 15:47:27.794 [info] > git status -z -uall [23ms]
2025-03-23 15:50:01.993 [info] > git config --get commit.template [4ms]
2025-03-23 15:50:01.995 [info] > git for-each-ref --format=%(refname)%00%(upstream:short)%00%(objectname)%00%(upstream:track)%00%(upstream:remotename)%00%(upstream:remoteref) refs/heads/master refs/remotes/master [2ms]
2025-03-23 15:50:02.014 [info] > git for-each-ref --sort -committerdate --format %(refname) %(objectname) %(*objectname) [13ms]
2025-03-23 15:50:02.032 [info] > git status -z -uall [34ms]
2025-03-23 15:50:07.040 [info] > git config --get commit.template [3ms]
2025-03-23 15:50:07.042 [info] > git for-each-ref --format=%(refname)%00%(upstream:short)%00%(objectname)%00%(upstream:track)%00%(upstream:remotename)%00%(upstream:remoteref) refs/heads/master refs/remotes/master [3ms]
2025-03-23 15:50:07.054 [info] > git for-each-ref --sort -committerdate --format %(refname) %(objectname) %(*objectname) [6ms]
2025-03-23 15:50:07.068 [info] > git status -z -uall [23ms]
2025-03-23 15:50:12.086 [info] > git config --get commit.template [5ms]
2025-03-23 15:50:12.088 [info] > git for-each-ref --format=%(refname)%00%(upstream:short)%00%(objectname)%00%(upstream:track)%00%(upstream:remotename)%00%(upstream:remoteref) refs/heads/master refs/remotes/master [2ms]
2025-03-23 15:50:12.101 [info] > git for-each-ref --sort -committerdate --format %(refname) %(objectname) %(*objectname) [7ms]
2025-03-23 15:50:12.113 [info] > git status -z -uall [23ms]
2025-03-23 15:50:17.122 [info] > git config --get commit.template [3ms]
2025-03-23 15:50:17.128 [info] > git for-each-ref --format=%(refname)%00%(upstream:short)%00%(objectname)%00%(upstream:track)%00%(upstream:remotename)%00%(upstream:remoteref) refs/heads/master refs/remotes/master [6ms]
2025-03-23 15:50:17.143 [info] > git for-each-ref --sort -committerdate --format %(refname) %(objectname) %(*objectname) [8ms]
2025-03-23 15:50:17.155 [info] > git status -z -uall [24ms]
2025-03-23 15:50:22.164 [info] > git config --get commit.template [3ms]
2025-03-23 15:50:22.166 [info] > git for-each-ref --format=%(refname)%00%(upstream:short)%00%(objectname)%00%(upstream:track)%00%(upstream:remotename)%00%(upstream:remoteref) refs/heads/master refs/remotes/master [3ms]
2025-03-23 15:50:22.191 [info] > git for-each-ref --sort -committerdate --format %(refname) %(objectname) %(*objectname) [19ms]
2025-03-23 15:50:22.192 [info] > git status -z -uall [23ms]
2025-03-23 15:50:27.207 [info] > git config --get commit.template [5ms]
2025-03-23 15:50:27.208 [info] > git for-each-ref --format=%(refname)%00%(upstream:short)%00%(objectname)%00%(upstream:track)%00%(upstream:remotename)%00%(upstream:remoteref) refs/heads/master refs/remotes/master [2ms]
2025-03-23 15:50:27.231 [info] > git for-each-ref --sort -committerdate --format %(refname) %(objectname) %(*objectname) [18ms]
2025-03-23 15:50:27.233 [info] > git status -z -uall [24ms]
2025-03-23 15:50:32.241 [info] > git config --get commit.template [4ms]
2025-03-23 15:50:32.243 [info] > git for-each-ref --format=%(refname)%00%(upstream:short)%00%(objectname)%00%(upstream:track)%00%(upstream:remotename)%00%(upstream:remoteref) refs/heads/master refs/remotes/master [2ms]
2025-03-23 15:50:32.261 [info] > git for-each-ref --sort -committerdate --format %(refname) %(objectname) %(*objectname) [12ms]
2025-03-23 15:50:32.269 [info] > git status -z -uall [23ms]
2025-03-23 15:50:37.277 [info] > git config --get commit.template [3ms]
2025-03-23 15:50:37.279 [info] > git for-each-ref --format=%(refname)%00%(upstream:short)%00%(objectname)%00%(upstream:track)%00%(upstream:remotename)%00%(upstream:remoteref) refs/heads/master refs/remotes/master [2ms]
2025-03-23 15:50:37.299 [info] > git for-each-ref --sort -committerdate --format %(refname) %(objectname) %(*objectname) [14ms]
2025-03-23 15:50:37.306 [info] > git status -z -uall [25ms]
2025-03-23 15:50:42.315 [info] > git config --get commit.template [4ms]
2025-03-23 15:50:42.316 [info] > git for-each-ref --format=%(refname)%00%(upstream:short)%00%(objectname)%00%(upstream:track)%00%(upstream:remotename)%00%(upstream:remoteref) refs/heads/master refs/remotes/master [2ms]
2025-03-23 15:50:42.327 [info] > git for-each-ref --sort -committerdate --format %(refname) %(objectname) %(*objectname) [6ms]
2025-03-23 15:50:42.346 [info] > git status -z -uall [28ms]
2025-03-23 15:50:47.354 [info] > git config --get commit.template [3ms]
2025-03-23 15:50:47.356 [info] > git for-each-ref --format=%(refname)%00%(upstream:short)%00%(objectname)%00%(upstream:track)%00%(upstream:remotename)%00%(upstream:remoteref) refs/heads/master refs/remotes/master [2ms]
2025-03-23 15:50:47.371 [info] > git for-each-ref --sort -committerdate --format %(refname) %(objectname) %(*objectname) [11ms]
2025-03-23 15:50:47.382 [info] > git status -z -uall [24ms]
2025-03-23 15:50:52.391 [info] > git config --get commit.template [3ms]
2025-03-23 15:50:52.393 [info] > git for-each-ref --format=%(refname)%00%(upstream:short)%00%(objectname)%00%(upstream:track)%00%(upstream:remotename)%00%(upstream:remoteref) refs/heads/master refs/remotes/master [4ms]
2025-03-23 15:50:52.406 [info] > git for-each-ref --sort -committerdate --format %(refname) %(objectname) %(*objectname) [8ms]
2025-03-23 15:50:52.417 [info] > git status -z -uall [23ms]
2025-03-23 15:50:57.426 [info] > git config --get commit.template [4ms]
2025-03-23 15:50:57.428 [info] > git for-each-ref --format=%(refname)%00%(upstream:short)%00%(objectname)%00%(upstream:track)%00%(upstream:remotename)%00%(upstream:remoteref) refs/heads/master refs/remotes/master [2ms]
2025-03-23 15:50:57.452 [info] > git for-each-ref --sort -committerdate --format %(refname) %(objectname) %(*objectname) [16ms]
2025-03-23 15:50:57.456 [info] > git status -z -uall [23ms]
2025-03-23 15:51:02.466 [info] > git config --get commit.template [4ms]
2025-03-23 15:51:02.468 [info] > git for-each-ref --format=%(refname)%00%(upstream:short)%00%(objectname)%00%(upstream:track)%00%(upstream:remotename)%00%(upstream:remoteref) refs/heads/master refs/remotes/master [3ms]
2025-03-23 15:51:02.479 [info] > git for-each-ref --sort -committerdate --format %(refname) %(objectname) %(*objectname) [6ms]
2025-03-23 15:51:02.494 [info] > git status -z -uall [25ms]
2025-03-23 15:51:50.196 [info] > git config --get commit.template [3ms]
2025-03-23 15:51:50.198 [info] > git for-each-ref --format=%(refname)%00%(upstream:short)%00%(objectname)%00%(upstream:track)%00%(upstream:remotename)%00%(upstream:remoteref) refs/heads/master refs/remotes/master [3ms]
2025-03-23 15:51:50.209 [info] > git for-each-ref --sort -committerdate --format %(refname) %(objectname) %(*objectname) [6ms]
2025-03-23 15:51:50.221 [info] > git status -z -uall [22ms]
2025-03-23 15:51:55.230 [info] > git config --get commit.template [3ms]
2025-03-23 15:51:55.234 [info] > git for-each-ref --format=%(refname)%00%(upstream:short)%00%(objectname)%00%(upstream:track)%00%(upstream:remotename)%00%(upstream:remoteref) refs/heads/master refs/remotes/master [4ms]
2025-03-23 15:51:55.253 [info] > git for-each-ref --sort -committerdate --format %(refname) %(objectname) %(*objectname) [13ms]
2025-03-23 15:51:55.260 [info] > git status -z -uall [24ms]
2025-03-23 15:51:55.973 [info] > git config --get commit.template [7ms]
2025-03-23 15:51:55.976 [info] > git for-each-ref --format=%(refname)%00%(upstream:short)%00%(objectname)%00%(upstream:track)%00%(upstream:remotename)%00%(upstream:remoteref) refs/heads/master refs/remotes/master [4ms]
2025-03-23 15:51:56.004 [info] > git for-each-ref --sort -committerdate --format %(refname) %(objectname) %(*objectname) [17ms]
2025-03-23 15:51:56.007 [info] > git status -z -uall [25ms]
2025-03-23 15:51:56.016 [info] > git merge-base refs/heads/master refs/remotes/origin/master [3ms]
2025-03-23 15:52:00.269 [info] > git config --get commit.template [3ms]
2025-03-23 15:52:00.271 [info] > git for-each-ref --format=%(refname)%00%(upstream:short)%00%(objectname)%00%(upstream:track)%00%(upstream:remotename)%00%(upstream:remoteref) refs/heads/master refs/remotes/master [3ms]
2025-03-23 15:52:00.284 [info] > git for-each-ref --sort -committerdate --format %(refname) %(objectname) %(*objectname) [7ms]
2025-03-23 15:52:00.298 [info] > git status -z -uall [25ms]
2025-03-23 15:52:05.310 [info] > git config --get commit.template [7ms]
2025-03-23 15:52:05.314 [info] > git for-each-ref --format=%(refname)%00%(upstream:short)%00%(objectname)%00%(upstream:track)%00%(upstream:remotename)%00%(upstream:remoteref) refs/heads/master refs/remotes/master [5ms]
2025-03-23 15:52:05.329 [info] > git for-each-ref --sort -committerdate --format %(refname) %(objectname) %(*objectname) [9ms]
2025-03-23 15:52:05.340 [info] > git status -z -uall [24ms]
2025-03-23 15:52:10.348 [info] > git config --get commit.template [3ms]
2025-03-23 15:52:10.351 [info] > git for-each-ref --format=%(refname)%00%(upstream:short)%00%(objectname)%00%(upstream:track)%00%(upstream:remotename)%00%(upstream:remoteref) refs/heads/master refs/remotes/master [3ms]
2025-03-23 15:52:10.362 [info] > git for-each-ref --sort -committerdate --format %(refname) %(objectname) %(*objectname) [6ms]
2025-03-23 15:52:10.375 [info] > git status -z -uall [23ms]
2025-03-23 15:52:49.409 [info] > git config --get commit.template [4ms]
2025-03-23 15:52:49.412 [info] > git for-each-ref --format=%(refname)%00%(upstream:short)%00%(objectname)%00%(upstream:track)%00%(upstream:remotename)%00%(upstream:remoteref) refs/heads/master refs/remotes/master [4ms]
2025-03-23 15:52:49.433 [info] > git for-each-ref --sort -committerdate --format %(refname) %(objectname) %(*objectname) [16ms]
2025-03-23 15:52:49.436 [info] > git status -z -uall [23ms]
2025-03-23 15:52:54.447 [info] > git config --get commit.template [3ms]
2025-03-23 15:52:54.450 [info] > git for-each-ref --format=%(refname)%00%(upstream:short)%00%(objectname)%00%(upstream:track)%00%(upstream:remotename)%00%(upstream:remoteref) refs/heads/master refs/remotes/master [2ms]
2025-03-23 15:52:54.462 [info] > git for-each-ref --sort -committerdate --format %(refname) %(objectname) %(*objectname) [7ms]
2025-03-23 15:52:54.477 [info] > git status -z -uall [26ms]
2025-03-23 15:52:59.486 [info] > git config --get commit.template [3ms]
2025-03-23 15:52:59.488 [info] > git for-each-ref --format=%(refname)%00%(upstream:short)%00%(objectname)%00%(upstream:track)%00%(upstream:remotename)%00%(upstream:remoteref) refs/heads/master refs/remotes/master [2ms]
2025-03-23 15:52:59.503 [info] > git for-each-ref --sort -committerdate --format %(refname) %(objectname) %(*objectname) [10ms]
2025-03-23 15:52:59.516 [info] > git status -z -uall [26ms]
2025-03-23 15:53:06.669 [info] > git config --get commit.template [3ms]
2025-03-23 15:53:06.671 [info] > git for-each-ref --format=%(refname)%00%(upstream:short)%00%(objectname)%00%(upstream:track)%00%(upstream:remotename)%00%(upstream:remoteref) refs/heads/master refs/remotes/master [2ms]
2025-03-23 15:53:06.688 [info] > git for-each-ref --sort -committerdate --format %(refname) %(objectname) %(*objectname) [11ms]
2025-03-23 15:53:06.696 [info] > git status -z -uall [23ms]
2025-03-23 15:53:11.704 [info] > git config --get commit.template [4ms]
2025-03-23 15:53:11.706 [info] > git for-each-ref --format=%(refname)%00%(upstream:short)%00%(objectname)%00%(upstream:track)%00%(upstream:remotename)%00%(upstream:remoteref) refs/heads/master refs/remotes/master [2ms]
2025-03-23 15:53:11.731 [info] > git for-each-ref --sort -committerdate --format %(refname) %(objectname) %(*objectname) [19ms]
2025-03-23 15:53:11.731 [info] > git status -z -uall [23ms]
2025-03-23 15:53:16.739 [info] > git config --get commit.template [3ms]
2025-03-23 15:53:16.741 [info] > git for-each-ref --format=%(refname)%00%(upstream:short)%00%(objectname)%00%(upstream:track)%00%(upstream:remotename)%00%(upstream:remoteref) refs/heads/master refs/remotes/master [2ms]
2025-03-23 15:53:16.761 [info] > git for-each-ref --sort -committerdate --format %(refname) %(objectname) %(*objectname) [15ms]
2025-03-23 15:53:16.766 [info] > git status -z -uall [22ms]
2025-03-23 15:53:21.775 [info] > git config --get commit.template [4ms]
2025-03-23 15:53:21.776 [info] > git for-each-ref --format=%(refname)%00%(upstream:short)%00%(objectname)%00%(upstream:track)%00%(upstream:remotename)%00%(upstream:remoteref) refs/heads/master refs/remotes/master [2ms]
2025-03-23 15:53:21.789 [info] > git for-each-ref --sort -committerdate --format %(refname) %(objectname) %(*objectname) [7ms]
2025-03-23 15:53:21.802 [info] > git status -z -uall [24ms]
2025-03-23 15:53:26.811 [info] > git config --get commit.template [3ms]
2025-03-23 15:53:26.813 [info] > git for-each-ref --format=%(refname)%00%(upstream:short)%00%(objectname)%00%(upstream:track)%00%(upstream:remotename)%00%(upstream:remoteref) refs/heads/master refs/remotes/master [3ms]
2025-03-23 15:53:26.826 [info] > git for-each-ref --sort -committerdate --format %(refname) %(objectname) %(*objectname) [8ms]
2025-03-23 15:53:26.838 [info] > git status -z -uall [23ms]
2025-03-23 15:53:31.847 [info] > git config --get commit.template [4ms]
2025-03-23 15:53:31.849 [info] > git for-each-ref --format=%(refname)%00%(upstream:short)%00%(objectname)%00%(upstream:track)%00%(upstream:remotename)%00%(upstream:remoteref) refs/heads/master refs/remotes/master [2ms]
2025-03-23 15:53:31.860 [info] > git for-each-ref --sort -committerdate --format %(refname) %(objectname) %(*objectname) [6ms]
2025-03-23 15:53:31.873 [info] > git status -z -uall [22ms]
